<?xml version="1.0" encoding="UTF-8"?>
<testsuite xmlns:xsi="http://www.w3.org/2001/XMLSchema-instance" xsi:noNamespaceSchemaLocation="https://maven.apache.org/surefire/maven-surefire-plugin/xsd/surefire-test-report-3.0.xsd" version="3.0" name="org.vsredshift.customer.customerResourceTest" time="5.102" tests="6" errors="1" skipped="5" failures="0">
  <properties>
    <property name="sun.desktop" value="windows"/>
    <property name="awt.toolkit" value="sun.awt.windows.WToolkit"/>
    <property name="java.specification.version" value="11"/>
    <property name="sun.cpu.isalist" value="amd64"/>
    <property name="sun.jnu.encoding" value="Cp1252"/>
    <property name="java.class.path" value="C:\Users\MartinOS\Desktop\Development\Java\Quarkus\customer-api\target\test-classes;C:\Users\MartinOS\Desktop\Development\Java\Quarkus\customer-api\target\classes;C:\Users\MartinOS\.m2\repository\io\quarkus\quarkus-arc\1.13.3.Final\quarkus-arc-1.13.3.Final.jar;C:\Users\MartinOS\.m2\repository\io\quarkus\arc\arc\1.13.3.Final\arc-1.13.3.Final.jar;C:\Users\MartinOS\.m2\repository\jakarta\enterprise\jakarta.enterprise.cdi-api\2.0.2\jakarta.enterprise.cdi-api-2.0.2.jar;C:\Users\MartinOS\.m2\repository\jakarta\el\jakarta.el-api\3.0.3\jakarta.el-api-3.0.3.jar;C:\Users\MartinOS\.m2\repository\jakarta\interceptor\jakarta.interceptor-api\1.2.5\jakarta.interceptor-api-1.2.5.jar;C:\Users\MartinOS\.m2\repository\jakarta\annotation\jakarta.annotation-api\1.3.5\jakarta.annotation-api-1.3.5.jar;C:\Users\MartinOS\.m2\repository\jakarta\transaction\jakarta.transaction-api\1.3.3\jakarta.transaction-api-1.3.3.jar;C:\Users\MartinOS\.m2\repository\org\jboss\logging\jboss-logging\3.4.1.Final\jboss-logging-3.4.1.Final.jar;C:\Users\MartinOS\.m2\repository\io\quarkus\quarkus-core\1.13.3.Final\quarkus-core-1.13.3.Final.jar;C:\Users\MartinOS\.m2\repository\jakarta\inject\jakarta.inject-api\1.0\jakarta.inject-api-1.0.jar;C:\Users\MartinOS\.m2\repository\io\quarkus\quarkus-ide-launcher\1.13.3.Final\quarkus-ide-launcher-1.13.3.Final.jar;C:\Users\MartinOS\.m2\repository\io\quarkus\quarkus-development-mode-spi\1.13.3.Final\quarkus-development-mode-spi-1.13.3.Final.jar;C:\Users\MartinOS\.m2\repository\io\smallrye\config\smallrye-config\1.11.1\smallrye-config-1.11.1.jar;C:\Users\MartinOS\.m2\repository\io\smallrye\common\smallrye-common-annotation\1.5.0\smallrye-common-annotation-1.5.0.jar;C:\Users\MartinOS\.m2\repository\io\smallrye\common\smallrye-common-expression\1.5.0\smallrye-common-expression-1.5.0.jar;C:\Users\MartinOS\.m2\repository\io\smallrye\common\smallrye-common-function\1.5.0\smallrye-common-function-1.5.0.jar;C:\Users\MartinOS\.m2\repository\io\smallrye\common\smallrye-common-classloader\1.5.0\smallrye-common-classloader-1.5.0.jar;C:\Users\MartinOS\.m2\repository\org\jboss\logmanager\jboss-logmanager-embedded\1.0.9\jboss-logmanager-embedded-1.0.9.jar;C:\Users\MartinOS\.m2\repository\org\jboss\logging\jboss-logging-annotations\2.2.0.Final\jboss-logging-annotations-2.2.0.Final.jar;C:\Users\MartinOS\.m2\repository\org\jboss\threads\jboss-threads\3.2.0.Final\jboss-threads-3.2.0.Final.jar;C:\Users\MartinOS\.m2\repository\org\slf4j\slf4j-api\1.7.30\slf4j-api-1.7.30.jar;C:\Users\MartinOS\.m2\repository\org\jboss\slf4j\slf4j-jboss-logmanager\1.1.0.Final\slf4j-jboss-logmanager-1.1.0.Final.jar;C:\Users\MartinOS\.m2\repository\org\graalvm\sdk\graal-sdk\21.0.0\graal-sdk-21.0.0.jar;C:\Users\MartinOS\.m2\repository\org\wildfly\common\wildfly-common\1.5.4.Final-format-001\wildfly-common-1.5.4.Final-format-001.jar;C:\Users\MartinOS\.m2\repository\io\quarkus\quarkus-bootstrap-runner\1.13.3.Final\quarkus-bootstrap-runner-1.13.3.Final.jar;C:\Users\MartinOS\.m2\repository\org\eclipse\microprofile\context-propagation\microprofile-context-propagation-api\1.0.1\microprofile-context-propagation-api-1.0.1.jar;C:\Users\MartinOS\.m2\repository\io\quarkus\quarkus-resteasy\1.13.3.Final\quarkus-resteasy-1.13.3.Final.jar;C:\Users\MartinOS\.m2\repository\io\quarkus\quarkus-vertx-http\1.13.3.Final\quarkus-vertx-http-1.13.3.Final.jar;C:\Users\MartinOS\.m2\repository\io\quarkus\quarkus-security-runtime-spi\1.13.3.Final\quarkus-security-runtime-spi-1.13.3.Final.jar;C:\Users\MartinOS\.m2\repository\io\quarkus\quarkus-vertx-http-dev-console-runtime-spi\1.13.3.Final\quarkus-vertx-http-dev-console-runtime-spi-1.13.3.Final.jar;C:\Users\MartinOS\.m2\repository\io\quarkus\security\quarkus-security\1.1.4.Final\quarkus-security-1.1.4.Final.jar;C:\Users\MartinOS\.m2\repository\io\smallrye\reactive\mutiny\0.14.0\mutiny-0.14.0.jar;C:\Users\MartinOS\.m2\repository\io\quarkus\quarkus-vertx-core\1.13.3.Final\quarkus-vertx-core-1.13.3.Final.jar;C:\Users\MartinOS\.m2\repository\io\quarkus\quarkus-netty\1.13.3.Final\quarkus-netty-1.13.3.Final.jar;C:\Users\MartinOS\.m2\repository\io\netty\netty-codec\4.1.49.Final\netty-codec-4.1.49.Final.jar;C:\Users\MartinOS\.m2\repository\io\netty\netty-handler\4.1.49.Final\netty-handler-4.1.49.Final.jar;C:\Users\MartinOS\.m2\repository\io\vertx\vertx-core\3.9.6\vertx-core-3.9.6.jar;C:\Users\MartinOS\.m2\repository\io\netty\netty-common\4.1.49.Final\netty-common-4.1.49.Final.jar;C:\Users\MartinOS\.m2\repository\io\netty\netty-buffer\4.1.49.Final\netty-buffer-4.1.49.Final.jar;C:\Users\MartinOS\.m2\repository\io\netty\netty-transport\4.1.49.Final\netty-transport-4.1.49.Final.jar;C:\Users\MartinOS\.m2\repository\io\netty\netty-handler-proxy\4.1.49.Final\netty-handler-proxy-4.1.49.Final.jar;C:\Users\MartinOS\.m2\repository\io\netty\netty-codec-socks\4.1.49.Final\netty-codec-socks-4.1.49.Final.jar;C:\Users\MartinOS\.m2\repository\io\netty\netty-codec-http\4.1.49.Final\netty-codec-http-4.1.49.Final.jar;C:\Users\MartinOS\.m2\repository\io\netty\netty-codec-http2\4.1.49.Final\netty-codec-http2-4.1.49.Final.jar;C:\Users\MartinOS\.m2\repository\io\netty\netty-resolver\4.1.49.Final\netty-resolver-4.1.49.Final.jar;C:\Users\MartinOS\.m2\repository\io\netty\netty-resolver-dns\4.1.49.Final\netty-resolver-dns-4.1.49.Final.jar;C:\Users\MartinOS\.m2\repository\io\netty\netty-codec-dns\4.1.49.Final\netty-codec-dns-4.1.49.Final.jar;C:\Users\MartinOS\.m2\repository\io\vertx\vertx-web\3.9.6\vertx-web-3.9.6.jar;C:\Users\MartinOS\.m2\repository\io\vertx\vertx-web-common\3.9.6\vertx-web-common-3.9.6.jar;C:\Users\MartinOS\.m2\repository\io\vertx\vertx-auth-common\3.9.6\vertx-auth-common-3.9.6.jar;C:\Users\MartinOS\.m2\repository\io\vertx\vertx-bridge-common\3.9.6\vertx-bridge-common-3.9.6.jar;C:\Users\MartinOS\.m2\repository\io\quarkus\quarkus-resteasy-server-common\1.13.3.Final\quarkus-resteasy-server-common-1.13.3.Final.jar;C:\Users\MartinOS\.m2\repository\io\quarkus\quarkus-resteasy-common\1.13.3.Final\quarkus-resteasy-common-1.13.3.Final.jar;C:\Users\MartinOS\.m2\repository\org\jboss\resteasy\resteasy-core\4.5.9.Final\resteasy-core-4.5.9.Final.jar;C:\Users\MartinOS\.m2\repository\org\jboss\spec\javax\ws\rs\jboss-jaxrs-api_2.1_spec\2.0.1.Final\jboss-jaxrs-api_2.1_spec-2.0.1.Final.jar;C:\Users\MartinOS\.m2\repository\org\jboss\resteasy\resteasy-core-spi\4.5.9.Final\resteasy-core-spi-4.5.9.Final.jar;C:\Users\MartinOS\.m2\repository\com\ibm\async\asyncutil\0.1.0\asyncutil-0.1.0.jar;C:\Users\MartinOS\.m2\repository\com\sun\activation\jakarta.activation\1.2.1\jakarta.activation-1.2.1.jar;C:\Users\MartinOS\.m2\repository\jakarta\validation\jakarta.validation-api\2.0.2\jakarta.validation-api-2.0.2.jar;C:\Users\MartinOS\.m2\repository\io\quarkus\quarkus-config-yaml\1.13.3.Final\quarkus-config-yaml-1.13.3.Final.jar;C:\Users\MartinOS\.m2\repository\io\smallrye\config\smallrye-config-source-yaml\1.11.1\smallrye-config-source-yaml-1.11.1.jar;C:\Users\MartinOS\.m2\repository\org\yaml\snakeyaml\1.28\snakeyaml-1.28.jar;C:\Users\MartinOS\.m2\repository\io\smallrye\config\smallrye-config-common\1.11.1\smallrye-config-common-1.11.1.jar;C:\Users\MartinOS\.m2\repository\io\smallrye\common\smallrye-common-constraint\1.5.0\smallrye-common-constraint-1.5.0.jar;C:\Users\MartinOS\.m2\repository\org\eclipse\microprofile\config\microprofile-config-api\1.4\microprofile-config-api-1.4.jar;C:\Users\MartinOS\.m2\repository\org\mapstruct\mapstruct\1.4.2.Final\mapstruct-1.4.2.Final.jar;C:\Users\MartinOS\.m2\repository\io\quarkus\quarkus-hibernate-orm-panache\1.13.3.Final\quarkus-hibernate-orm-panache-1.13.3.Final.jar;C:\Users\MartinOS\.m2\repository\io\quarkus\quarkus-hibernate-orm\1.13.3.Final\quarkus-hibernate-orm-1.13.3.Final.jar;C:\Users\MartinOS\.m2\repository\org\hibernate\hibernate-core\5.4.29.Final\hibernate-core-5.4.29.Final.jar;C:\Users\MartinOS\.m2\repository\net\bytebuddy\byte-buddy\1.10.21\byte-buddy-1.10.21.jar;C:\Users\MartinOS\.m2\repository\antlr\antlr\2.7.7\antlr-2.7.7.jar;C:\Users\MartinOS\.m2\repository\org\dom4j\dom4j\2.1.3\dom4j-2.1.3.jar;C:\Users\MartinOS\.m2\repository\org\hibernate\common\hibernate-commons-annotations\5.1.2.Final\hibernate-commons-annotations-5.1.2.Final.jar;C:\Users\MartinOS\.m2\repository\org\hibernate\hibernate-graalvm\5.4.29.Final\hibernate-graalvm-5.4.29.Final.jar;C:\Users\MartinOS\.m2\repository\org\glassfish\jaxb\jaxb-runtime\2.3.3-b02\jaxb-runtime-2.3.3-b02.jar;C:\Users\MartinOS\.m2\repository\org\glassfish\jaxb\txw2\2.3.3-b02\txw2-2.3.3-b02.jar;C:\Users\MartinOS\.m2\repository\com\sun\istack\istack-commons-runtime\3.0.10\istack-commons-runtime-3.0.10.jar;C:\Users\MartinOS\.m2\repository\org\jboss\spec\javax\xml\bind\jboss-jaxb-api_2.3_spec\2.0.0.Final\jboss-jaxb-api_2.3_spec-2.0.0.Final.jar;C:\Users\MartinOS\.m2\repository\jakarta\persistence\jakarta.persistence-api\2.2.3\jakarta.persistence-api-2.2.3.jar;C:\Users\MartinOS\.m2\repository\org\hibernate\quarkus-local-cache\0.1.0\quarkus-local-cache-0.1.0.jar;C:\Users\MartinOS\.m2\repository\com\github\ben-manes\caffeine\caffeine\2.9.0\caffeine-2.9.0.jar;C:\Users\MartinOS\.m2\repository\com\google\errorprone\error_prone_annotations\2.2.0\error_prone_annotations-2.2.0.jar;C:\Users\MartinOS\.m2\repository\io\quarkus\quarkus-caffeine\1.13.3.Final\quarkus-caffeine-1.13.3.Final.jar;C:\Users\MartinOS\.m2\repository\io\quarkus\quarkus-hibernate-orm-panache-common\1.13.3.Final\quarkus-hibernate-orm-panache-common-1.13.3.Final.jar;C:\Users\MartinOS\.m2\repository\io\quarkus\quarkus-panache-hibernate-common\1.13.3.Final\quarkus-panache-hibernate-common-1.13.3.Final.jar;C:\Users\MartinOS\.m2\repository\io\quarkus\quarkus-panache-common\1.13.3.Final\quarkus-panache-common-1.13.3.Final.jar;C:\Users\MartinOS\.m2\repository\io\quarkus\quarkus-jdbc-postgresql\1.13.3.Final\quarkus-jdbc-postgresql-1.13.3.Final.jar;C:\Users\MartinOS\.m2\repository\org\postgresql\postgresql\42.2.20\postgresql-42.2.20.jar;C:\Users\MartinOS\.m2\repository\io\quarkus\quarkus-flyway\1.13.3.Final\quarkus-flyway-1.13.3.Final.jar;C:\Users\MartinOS\.m2\repository\org\flywaydb\flyway-core\7.7.3\flyway-core-7.7.3.jar;C:\Users\MartinOS\.m2\repository\io\quarkus\quarkus-agroal\1.13.3.Final\quarkus-agroal-1.13.3.Final.jar;C:\Users\MartinOS\.m2\repository\io\quarkus\quarkus-datasource\1.13.3.Final\quarkus-datasource-1.13.3.Final.jar;C:\Users\MartinOS\.m2\repository\org\jboss\narayana\jta\narayana-jta\5.10.6.Final\narayana-jta-5.10.6.Final.jar;C:\Users\MartinOS\.m2\repository\org\jboss\jboss-transaction-spi\7.6.0.Final\jboss-transaction-spi-7.6.0.Final.jar;C:\Users\MartinOS\.m2\repository\org\jboss\spec\javax\resource\jboss-connector-api_1.7_spec\1.0.0.Final\jboss-connector-api_1.7_spec-1.0.0.Final.jar;C:\Users\MartinOS\.m2\repository\org\jboss\narayana\jts\narayana-jts-integration\5.10.6.Final\narayana-jts-integration-5.10.6.Final.jar;C:\Users\MartinOS\.m2\repository\io\agroal\agroal-api\1.11\agroal-api-1.11.jar;C:\Users\MartinOS\.m2\repository\io\agroal\agroal-narayana\1.11\agroal-narayana-1.11.jar;C:\Users\MartinOS\.m2\repository\io\agroal\agroal-pool\1.11\agroal-pool-1.11.jar;C:\Users\MartinOS\.m2\repository\io\quarkus\quarkus-credentials\1.13.3.Final\quarkus-credentials-1.13.3.Final.jar;C:\Users\MartinOS\.m2\repository\io\quarkus\quarkus-narayana-jta\1.13.3.Final\quarkus-narayana-jta-1.13.3.Final.jar;C:\Users\MartinOS\.m2\repository\io\quarkus\quarkus-mutiny\1.13.3.Final\quarkus-mutiny-1.13.3.Final.jar;C:\Users\MartinOS\.m2\repository\io\quarkus\quarkus-smallrye-context-propagation\1.13.3.Final\quarkus-smallrye-context-propagation-1.13.3.Final.jar;C:\Users\MartinOS\.m2\repository\io\smallrye\smallrye-context-propagation\1.1.0\smallrye-context-propagation-1.1.0.jar;C:\Users\MartinOS\.m2\repository\io\smallrye\smallrye-context-propagation-api\1.1.0\smallrye-context-propagation-api-1.1.0.jar;C:\Users\MartinOS\.m2\repository\io\smallrye\smallrye-context-propagation-storage\1.1.0\smallrye-context-propagation-storage-1.1.0.jar;C:\Users\MartinOS\.m2\repository\io\smallrye\reactive\mutiny-smallrye-context-propagation\0.14.0\mutiny-smallrye-context-propagation-0.14.0.jar;C:\Users\MartinOS\.m2\repository\io\smallrye\smallrye-context-propagation-jta\1.1.0\smallrye-context-propagation-jta-1.1.0.jar;C:\Users\MartinOS\.m2\repository\io\smallrye\reactive\smallrye-reactive-converter-api\1.4.0\smallrye-reactive-converter-api-1.4.0.jar;C:\Users\MartinOS\.m2\repository\org\reactivestreams\reactive-streams\1.0.3\reactive-streams-1.0.3.jar;C:\Users\MartinOS\.m2\repository\io\smallrye\reactive\smallrye-reactive-converter-mutiny\1.4.0\smallrye-reactive-converter-mutiny-1.4.0.jar;C:\Users\MartinOS\.m2\repository\io\quarkus\quarkus-datasource-common\1.13.3.Final\quarkus-datasource-common-1.13.3.Final.jar;C:\Users\MartinOS\.m2\repository\io\quarkus\quarkus-smallrye-openapi\1.13.3.Final\quarkus-smallrye-openapi-1.13.3.Final.jar;C:\Users\MartinOS\.m2\repository\io\smallrye\smallrye-open-api-core\2.0.26\smallrye-open-api-core-2.0.26.jar;C:\Users\MartinOS\.m2\repository\org\eclipse\microprofile\openapi\microprofile-openapi-api\1.1.3-RC1\microprofile-openapi-api-1.1.3-RC1.jar;C:\Users\MartinOS\.m2\repository\com\fasterxml\jackson\core\jackson-core\2.12.1\jackson-core-2.12.1.jar;C:\Users\MartinOS\.m2\repository\com\fasterxml\jackson\core\jackson-databind\2.12.1\jackson-databind-2.12.1.jar;C:\Users\MartinOS\.m2\repository\com\fasterxml\jackson\core\jackson-annotations\2.12.1\jackson-annotations-2.12.1.jar;C:\Users\MartinOS\.m2\repository\com\fasterxml\jackson\dataformat\jackson-dataformat-yaml\2.12.1\jackson-dataformat-yaml-2.12.1.jar;C:\Users\MartinOS\.m2\repository\org\jboss\jandex\2.2.3.Final\jandex-2.2.3.Final.jar;C:\Users\MartinOS\.m2\repository\io\quarkus\quarkus-swagger-ui\1.13.3.Final\quarkus-swagger-ui-1.13.3.Final.jar;C:\Users\MartinOS\.m2\repository\io\quarkus\quarkus-resteasy-jsonb\1.13.3.Final\quarkus-resteasy-jsonb-1.13.3.Final.jar;C:\Users\MartinOS\.m2\repository\io\quarkus\quarkus-jsonb\1.13.3.Final\quarkus-jsonb-1.13.3.Final.jar;C:\Users\MartinOS\.m2\repository\org\eclipse\yasson\1.0.9\yasson-1.0.9.jar;C:\Users\MartinOS\.m2\repository\io\quarkus\quarkus-jsonp\1.13.3.Final\quarkus-jsonp-1.13.3.Final.jar;C:\Users\MartinOS\.m2\repository\org\jboss\resteasy\resteasy-json-binding-provider\4.5.9.Final\resteasy-json-binding-provider-4.5.9.Final.jar;C:\Users\MartinOS\.m2\repository\org\glassfish\jakarta.json\1.1.6\jakarta.json-1.1.6.jar;C:\Users\MartinOS\.m2\repository\jakarta\json\bind\jakarta.json.bind-api\1.0.2\jakarta.json.bind-api-1.0.2.jar;C:\Users\MartinOS\.m2\repository\org\jboss\resteasy\resteasy-json-p-provider\4.5.9.Final\resteasy-json-p-provider-4.5.9.Final.jar;C:\Users\MartinOS\.m2\repository\commons-io\commons-io\2.8.0\commons-io-2.8.0.jar;C:\Users\MartinOS\.m2\repository\io\quarkus\quarkus-hibernate-validator\1.13.3.Final\quarkus-hibernate-validator-1.13.3.Final.jar;C:\Users\MartinOS\.m2\repository\org\hibernate\validator\hibernate-validator\6.2.0.Final\hibernate-validator-6.2.0.Final.jar;C:\Users\MartinOS\.m2\repository\com\fasterxml\classmate\1.3.4\classmate-1.3.4.jar;C:\Users\MartinOS\.m2\repository\org\glassfish\jakarta.el\3.0.3\jakarta.el-3.0.3.jar;C:\Users\MartinOS\.m2\repository\org\projectlombok\lombok\1.18.22\lombok-1.18.22.jar;C:\Users\MartinOS\.m2\repository\io\quarkus\quarkus-junit5\1.13.3.Final\quarkus-junit5-1.13.3.Final.jar;C:\Users\MartinOS\.m2\repository\io\quarkus\quarkus-bootstrap-core\1.13.3.Final\quarkus-bootstrap-core-1.13.3.Final.jar;C:\Users\MartinOS\.m2\repository\io\quarkus\quarkus-bootstrap-app-model\1.13.3.Final\quarkus-bootstrap-app-model-1.13.3.Final.jar;C:\Users\MartinOS\.m2\repository\io\quarkus\quarkus-bootstrap-maven-resolver\1.13.3.Final\quarkus-bootstrap-maven-resolver-1.13.3.Final.jar;C:\Users\MartinOS\.m2\repository\org\apache\maven\maven-embedder\3.6.3\maven-embedder-3.6.3.jar;C:\Users\MartinOS\.m2\repository\org\apache\maven\maven-settings\3.6.3\maven-settings-3.6.3.jar;C:\Users\MartinOS\.m2\repository\org\apache\maven\maven-core\3.6.3\maven-core-3.6.3.jar;C:\Users\MartinOS\.m2\repository\org\apache\maven\maven-artifact\3.6.3\maven-artifact-3.6.3.jar;C:\Users\MartinOS\.m2\repository\org\codehaus\plexus\plexus-component-annotations\2.1.0\plexus-component-annotations-2.1.0.jar;C:\Users\MartinOS\.m2\repository\org\apache\maven\maven-plugin-api\3.6.3\maven-plugin-api-3.6.3.jar;C:\Users\MartinOS\.m2\repository\org\apache\maven\maven-model\3.6.3\maven-model-3.6.3.jar;C:\Users\MartinOS\.m2\repository\org\apache\maven\maven-model-builder\3.6.3\maven-model-builder-3.6.3.jar;C:\Users\MartinOS\.m2\repository\org\apache\maven\maven-builder-support\3.6.3\maven-builder-support-3.6.3.jar;C:\Users\MartinOS\.m2\repository\org\apache\maven\resolver\maven-resolver-api\1.4.1\maven-resolver-api-1.4.1.jar;C:\Users\MartinOS\.m2\repository\org\apache\maven\resolver\maven-resolver-util\1.4.1\maven-resolver-util-1.4.1.jar;C:\Users\MartinOS\.m2\repository\org\apache\maven\shared\maven-shared-utils\3.2.1\maven-shared-utils-3.2.1.jar;C:\Users\MartinOS\.m2\repository\com\google\inject\guice\4.2.1\guice-4.2.1-no_aop.jar;C:\Users\MartinOS\.m2\repository\com\google\guava\guava\30.1-jre\guava-30.1-jre.jar;C:\Users\MartinOS\.m2\repository\com\google\guava\failureaccess\1.0.1\failureaccess-1.0.1.jar;C:\Users\MartinOS\.m2\repository\com\google\guava\listenablefuture\9999.0-empty-to-avoid-conflict-with-guava\listenablefuture-9999.0-empty-to-avoid-conflict-with-guava.jar;C:\Users\MartinOS\.m2\repository\org\codehaus\plexus\plexus-utils\3.2.1\plexus-utils-3.2.1.jar;C:\Users\MartinOS\.m2\repository\org\codehaus\plexus\plexus-classworlds\2.6.0\plexus-classworlds-2.6.0.jar;C:\Users\MartinOS\.m2\repository\commons-cli\commons-cli\1.4\commons-cli-1.4.jar;C:\Users\MartinOS\.m2\repository\org\eclipse\sisu\org.eclipse.sisu.plexus\0.3.4\org.eclipse.sisu.plexus-0.3.4.jar;C:\Users\MartinOS\.m2\repository\org\apache\maven\maven-settings-builder\3.6.3\maven-settings-builder-3.6.3.jar;C:\Users\MartinOS\.m2\repository\org\codehaus\plexus\plexus-interpolation\1.25\plexus-interpolation-1.25.jar;C:\Users\MartinOS\.m2\repository\org\sonatype\plexus\plexus-sec-dispatcher\1.4\plexus-sec-dispatcher-1.4.jar;C:\Users\MartinOS\.m2\repository\org\sonatype\plexus\plexus-cipher\1.4\plexus-cipher-1.4.jar;C:\Users\MartinOS\.m2\repository\org\apache\maven\maven-resolver-provider\3.6.3\maven-resolver-provider-3.6.3.jar;C:\Users\MartinOS\.m2\repository\org\apache\maven\maven-repository-metadata\3.6.3\maven-repository-metadata-3.6.3.jar;C:\Users\MartinOS\.m2\repository\org\apache\maven\resolver\maven-resolver-spi\1.4.1\maven-resolver-spi-1.4.1.jar;C:\Users\MartinOS\.m2\repository\org\apache\maven\resolver\maven-resolver-impl\1.4.1\maven-resolver-impl-1.4.1.jar;C:\Users\MartinOS\.m2\repository\org\apache\maven\resolver\maven-resolver-connector-basic\1.4.1\maven-resolver-connector-basic-1.4.1.jar;C:\Users\MartinOS\.m2\repository\org\apache\maven\resolver\maven-resolver-transport-wagon\1.4.1\maven-resolver-transport-wagon-1.4.1.jar;C:\Users\MartinOS\.m2\repository\org\apache\maven\wagon\wagon-http\3.3.4\wagon-http-3.3.4.jar;C:\Users\MartinOS\.m2\repository\org\apache\maven\wagon\wagon-http-shared\3.3.4\wagon-http-shared-3.3.4.jar;C:\Users\MartinOS\.m2\repository\org\jsoup\jsoup\1.12.1\jsoup-1.12.1.jar;C:\Users\MartinOS\.m2\repository\org\apache\maven\wagon\wagon-provider-api\3.3.4\wagon-provider-api-3.3.4.jar;C:\Users\MartinOS\.m2\repository\org\apache\maven\wagon\wagon-file\3.3.4\wagon-file-3.3.4.jar;C:\Users\MartinOS\.m2\repository\io\quarkus\quarkus-bootstrap-gradle-resolver\1.13.3.Final\quarkus-bootstrap-gradle-resolver-1.13.3.Final.jar;C:\Users\MartinOS\.m2\repository\io\smallrye\common\smallrye-common-io\1.5.0\smallrye-common-io-1.5.0.jar;C:\Users\MartinOS\.m2\repository\org\eclipse\sisu\org.eclipse.sisu.inject\0.3.4\org.eclipse.sisu.inject-0.3.4.jar;C:\Users\MartinOS\.m2\repository\io\quarkus\quarkus-test-common\1.13.3.Final\quarkus-test-common-1.13.3.Final.jar;C:\Users\MartinOS\.m2\repository\io\quarkus\quarkus-core-deployment\1.13.3.Final\quarkus-core-deployment-1.13.3.Final.jar;C:\Users\MartinOS\.m2\repository\io\quarkus\gizmo\gizmo\1.0.7.Final\gizmo-1.0.7.Final.jar;C:\Users\MartinOS\.m2\repository\org\ow2\asm\asm-util\9.1\asm-util-9.1.jar;C:\Users\MartinOS\.m2\repository\org\ow2\asm\asm-tree\9.1\asm-tree-9.1.jar;C:\Users\MartinOS\.m2\repository\org\ow2\asm\asm-analysis\9.1\asm-analysis-9.1.jar;C:\Users\MartinOS\.m2\repository\org\ow2\asm\asm\9.1\asm-9.1.jar;C:\Users\MartinOS\.m2\repository\io\quarkus\quarkus-class-change-agent\1.13.3.Final\quarkus-class-change-agent-1.13.3.Final.jar;C:\Users\MartinOS\.m2\repository\io\quarkus\quarkus-devtools-utilities\1.13.3.Final\quarkus-devtools-utilities-1.13.3.Final.jar;C:\Users\MartinOS\.m2\repository\io\quarkus\quarkus-builder\1.13.3.Final\quarkus-builder-1.13.3.Final.jar;C:\Users\MartinOS\.m2\repository\io\quarkus\quarkus-jsonp-deployment\1.13.3.Final\quarkus-jsonp-deployment-1.13.3.Final.jar;C:\Users\MartinOS\.m2\repository\org\jboss\logging\commons-logging-jboss-logging\1.0.0.Final\commons-logging-jboss-logging-1.0.0.Final.jar;C:\Users\MartinOS\.m2\repository\org\junit\jupiter\junit-jupiter\5.7.1\junit-jupiter-5.7.1.jar;C:\Users\MartinOS\.m2\repository\org\junit\jupiter\junit-jupiter-api\5.7.1\junit-jupiter-api-5.7.1.jar;C:\Users\MartinOS\.m2\repository\org\apiguardian\apiguardian-api\1.1.0\apiguardian-api-1.1.0.jar;C:\Users\MartinOS\.m2\repository\org\opentest4j\opentest4j\1.2.0\opentest4j-1.2.0.jar;C:\Users\MartinOS\.m2\repository\org\junit\platform\junit-platform-commons\1.7.1\junit-platform-commons-1.7.1.jar;C:\Users\MartinOS\.m2\repository\org\junit\jupiter\junit-jupiter-params\5.7.1\junit-jupiter-params-5.7.1.jar;C:\Users\MartinOS\.m2\repository\org\junit\jupiter\junit-jupiter-engine\5.7.1\junit-jupiter-engine-5.7.1.jar;C:\Users\MartinOS\.m2\repository\org\junit\platform\junit-platform-engine\1.7.1\junit-platform-engine-1.7.1.jar;C:\Users\MartinOS\.m2\repository\io\quarkus\quarkus-datasource-deployment-spi\1.13.3.Final\quarkus-datasource-deployment-spi-1.13.3.Final.jar;C:\Users\MartinOS\.m2\repository\io\quarkus\quarkus-arc-deployment\1.13.3.Final\quarkus-arc-deployment-1.13.3.Final.jar;C:\Users\MartinOS\.m2\repository\io\quarkus\quarkus-vertx-http-dev-console-spi\1.13.3.Final\quarkus-vertx-http-dev-console-spi-1.13.3.Final.jar;C:\Users\MartinOS\.m2\repository\io\quarkus\arc\arc-processor\1.13.3.Final\arc-processor-1.13.3.Final.jar;C:\Users\MartinOS\.m2\repository\com\thoughtworks\xstream\xstream\1.4.16\xstream-1.4.16.jar;C:\Users\MartinOS\.m2\repository\io\github\x-stream\mxparser\1.2.1\mxparser-1.2.1.jar;C:\Users\MartinOS\.m2\repository\xmlpull\xmlpull\1.1.3.1\xmlpull-1.1.3.1.jar;C:\Users\MartinOS\.m2\repository\io\rest-assured\rest-assured\4.3.3\rest-assured-4.3.3.jar;C:\Users\MartinOS\.m2\repository\org\codehaus\groovy\groovy\3.0.5\groovy-3.0.5.jar;C:\Users\MartinOS\.m2\repository\org\codehaus\groovy\groovy-xml\3.0.7\groovy-xml-3.0.7.jar;C:\Users\MartinOS\.m2\repository\org\apache\httpcomponents\httpclient\4.5.13\httpclient-4.5.13.jar;C:\Users\MartinOS\.m2\repository\org\apache\httpcomponents\httpcore\4.4.14\httpcore-4.4.14.jar;C:\Users\MartinOS\.m2\repository\commons-codec\commons-codec\1.14\commons-codec-1.14.jar;C:\Users\MartinOS\.m2\repository\org\apache\httpcomponents\httpmime\4.5.13\httpmime-4.5.13.jar;C:\Users\MartinOS\.m2\repository\org\hamcrest\hamcrest\2.1\hamcrest-2.1.jar;C:\Users\MartinOS\.m2\repository\org\ccil\cowan\tagsoup\tagsoup\1.2.1\tagsoup-1.2.1.jar;C:\Users\MartinOS\.m2\repository\io\rest-assured\json-path\4.3.3\json-path-4.3.3.jar;C:\Users\MartinOS\.m2\repository\org\codehaus\groovy\groovy-json\3.0.5\groovy-json-3.0.5.jar;C:\Users\MartinOS\.m2\repository\io\rest-assured\rest-assured-common\4.3.3\rest-assured-common-4.3.3.jar;C:\Users\MartinOS\.m2\repository\io\rest-assured\xml-path\4.3.3\xml-path-4.3.3.jar;C:\Users\MartinOS\.m2\repository\org\apache\commons\commons-lang3\3.12.0\commons-lang3-3.12.0.jar;C:\Users\MartinOS\.m2\repository\jakarta\xml\bind\jakarta.xml.bind-api\2.3.3\jakarta.xml.bind-api-2.3.3.jar;C:\Users\MartinOS\.m2\repository\jakarta\activation\jakarta.activation-api\1.2.1\jakarta.activation-api-1.2.1.jar;C:\Users\MartinOS\.m2\repository\com\sun\xml\bind\jaxb-impl\2.3.3\jaxb-impl-2.3.3.jar;C:\Users\MartinOS\.m2\repository\org\assertj\assertj-core\3.19.0\assertj-core-3.19.0.jar;"/>
    <property name="java.vm.vendor" value="Oracle Corporation"/>
    <property name="sun.arch.data.model" value="64"/>
    <property name="user.variant" value=""/>
    <property name="java.vendor.url" value="https://openjdk.java.net/"/>
    <property name="user.timezone" value="Europe/Berlin"/>
    <property name="user.country.format" value="SE"/>
    <property name="java.vm.specification.version" value="11"/>
    <property name="os.name" value="Windows 10"/>
    <property name="sun.java.launcher" value="SUN_STANDARD"/>
    <property name="user.country" value="GB"/>
    <property name="sun.boot.library.path" value="C:\Program Files\Java\jdk-11.0.9\bin"/>
    <property name="sun.java.command" value="C:\Users\MartinOS\AppData\Local\Temp\surefire10251604953945489012\surefirebooter9157508731881965539.jar C:\Users\MartinOS\AppData\Local\Temp\surefire10251604953945489012 2022-02-11T11-10-03_016-jvmRun1 surefire17682051972153302868tmp surefire_017381905118574905198tmp"/>
    <property name="jdk.debug" value="release"/>
    <property name="maven.home" value="C:\Program Files\apache-maven-3.6.3\bin\.."/>
    <property name="surefire.test.class.path" value="C:\Users\MartinOS\Desktop\Development\Java\Quarkus\customer-api\target\test-classes;C:\Users\MartinOS\Desktop\Development\Java\Quarkus\customer-api\target\classes;C:\Users\MartinOS\.m2\repository\io\quarkus\quarkus-arc\1.13.3.Final\quarkus-arc-1.13.3.Final.jar;C:\Users\MartinOS\.m2\repository\io\quarkus\arc\arc\1.13.3.Final\arc-1.13.3.Final.jar;C:\Users\MartinOS\.m2\repository\jakarta\enterprise\jakarta.enterprise.cdi-api\2.0.2\jakarta.enterprise.cdi-api-2.0.2.jar;C:\Users\MartinOS\.m2\repository\jakarta\el\jakarta.el-api\3.0.3\jakarta.el-api-3.0.3.jar;C:\Users\MartinOS\.m2\repository\jakarta\interceptor\jakarta.interceptor-api\1.2.5\jakarta.interceptor-api-1.2.5.jar;C:\Users\MartinOS\.m2\repository\jakarta\annotation\jakarta.annotation-api\1.3.5\jakarta.annotation-api-1.3.5.jar;C:\Users\MartinOS\.m2\repository\jakarta\transaction\jakarta.transaction-api\1.3.3\jakarta.transaction-api-1.3.3.jar;C:\Users\MartinOS\.m2\repository\org\jboss\logging\jboss-logging\3.4.1.Final\jboss-logging-3.4.1.Final.jar;C:\Users\MartinOS\.m2\repository\io\quarkus\quarkus-core\1.13.3.Final\quarkus-core-1.13.3.Final.jar;C:\Users\MartinOS\.m2\repository\jakarta\inject\jakarta.inject-api\1.0\jakarta.inject-api-1.0.jar;C:\Users\MartinOS\.m2\repository\io\quarkus\quarkus-ide-launcher\1.13.3.Final\quarkus-ide-launcher-1.13.3.Final.jar;C:\Users\MartinOS\.m2\repository\io\quarkus\quarkus-development-mode-spi\1.13.3.Final\quarkus-development-mode-spi-1.13.3.Final.jar;C:\Users\MartinOS\.m2\repository\io\smallrye\config\smallrye-config\1.11.1\smallrye-config-1.11.1.jar;C:\Users\MartinOS\.m2\repository\io\smallrye\common\smallrye-common-annotation\1.5.0\smallrye-common-annotation-1.5.0.jar;C:\Users\MartinOS\.m2\repository\io\smallrye\common\smallrye-common-expression\1.5.0\smallrye-common-expression-1.5.0.jar;C:\Users\MartinOS\.m2\repository\io\smallrye\common\smallrye-common-function\1.5.0\smallrye-common-function-1.5.0.jar;C:\Users\MartinOS\.m2\repository\io\smallrye\common\smallrye-common-classloader\1.5.0\smallrye-common-classloader-1.5.0.jar;C:\Users\MartinOS\.m2\repository\org\jboss\logmanager\jboss-logmanager-embedded\1.0.9\jboss-logmanager-embedded-1.0.9.jar;C:\Users\MartinOS\.m2\repository\org\jboss\logging\jboss-logging-annotations\2.2.0.Final\jboss-logging-annotations-2.2.0.Final.jar;C:\Users\MartinOS\.m2\repository\org\jboss\threads\jboss-threads\3.2.0.Final\jboss-threads-3.2.0.Final.jar;C:\Users\MartinOS\.m2\repository\org\slf4j\slf4j-api\1.7.30\slf4j-api-1.7.30.jar;C:\Users\MartinOS\.m2\repository\org\jboss\slf4j\slf4j-jboss-logmanager\1.1.0.Final\slf4j-jboss-logmanager-1.1.0.Final.jar;C:\Users\MartinOS\.m2\repository\org\graalvm\sdk\graal-sdk\21.0.0\graal-sdk-21.0.0.jar;C:\Users\MartinOS\.m2\repository\org\wildfly\common\wildfly-common\1.5.4.Final-format-001\wildfly-common-1.5.4.Final-format-001.jar;C:\Users\MartinOS\.m2\repository\io\quarkus\quarkus-bootstrap-runner\1.13.3.Final\quarkus-bootstrap-runner-1.13.3.Final.jar;C:\Users\MartinOS\.m2\repository\org\eclipse\microprofile\context-propagation\microprofile-context-propagation-api\1.0.1\microprofile-context-propagation-api-1.0.1.jar;C:\Users\MartinOS\.m2\repository\io\quarkus\quarkus-resteasy\1.13.3.Final\quarkus-resteasy-1.13.3.Final.jar;C:\Users\MartinOS\.m2\repository\io\quarkus\quarkus-vertx-http\1.13.3.Final\quarkus-vertx-http-1.13.3.Final.jar;C:\Users\MartinOS\.m2\repository\io\quarkus\quarkus-security-runtime-spi\1.13.3.Final\quarkus-security-runtime-spi-1.13.3.Final.jar;C:\Users\MartinOS\.m2\repository\io\quarkus\quarkus-vertx-http-dev-console-runtime-spi\1.13.3.Final\quarkus-vertx-http-dev-console-runtime-spi-1.13.3.Final.jar;C:\Users\MartinOS\.m2\repository\io\quarkus\security\quarkus-security\1.1.4.Final\quarkus-security-1.1.4.Final.jar;C:\Users\MartinOS\.m2\repository\io\smallrye\reactive\mutiny\0.14.0\mutiny-0.14.0.jar;C:\Users\MartinOS\.m2\repository\io\quarkus\quarkus-vertx-core\1.13.3.Final\quarkus-vertx-core-1.13.3.Final.jar;C:\Users\MartinOS\.m2\repository\io\quarkus\quarkus-netty\1.13.3.Final\quarkus-netty-1.13.3.Final.jar;C:\Users\MartinOS\.m2\repository\io\netty\netty-codec\4.1.49.Final\netty-codec-4.1.49.Final.jar;C:\Users\MartinOS\.m2\repository\io\netty\netty-handler\4.1.49.Final\netty-handler-4.1.49.Final.jar;C:\Users\MartinOS\.m2\repository\io\vertx\vertx-core\3.9.6\vertx-core-3.9.6.jar;C:\Users\MartinOS\.m2\repository\io\netty\netty-common\4.1.49.Final\netty-common-4.1.49.Final.jar;C:\Users\MartinOS\.m2\repository\io\netty\netty-buffer\4.1.49.Final\netty-buffer-4.1.49.Final.jar;C:\Users\MartinOS\.m2\repository\io\netty\netty-transport\4.1.49.Final\netty-transport-4.1.49.Final.jar;C:\Users\MartinOS\.m2\repository\io\netty\netty-handler-proxy\4.1.49.Final\netty-handler-proxy-4.1.49.Final.jar;C:\Users\MartinOS\.m2\repository\io\netty\netty-codec-socks\4.1.49.Final\netty-codec-socks-4.1.49.Final.jar;C:\Users\MartinOS\.m2\repository\io\netty\netty-codec-http\4.1.49.Final\netty-codec-http-4.1.49.Final.jar;C:\Users\MartinOS\.m2\repository\io\netty\netty-codec-http2\4.1.49.Final\netty-codec-http2-4.1.49.Final.jar;C:\Users\MartinOS\.m2\repository\io\netty\netty-resolver\4.1.49.Final\netty-resolver-4.1.49.Final.jar;C:\Users\MartinOS\.m2\repository\io\netty\netty-resolver-dns\4.1.49.Final\netty-resolver-dns-4.1.49.Final.jar;C:\Users\MartinOS\.m2\repository\io\netty\netty-codec-dns\4.1.49.Final\netty-codec-dns-4.1.49.Final.jar;C:\Users\MartinOS\.m2\repository\io\vertx\vertx-web\3.9.6\vertx-web-3.9.6.jar;C:\Users\MartinOS\.m2\repository\io\vertx\vertx-web-common\3.9.6\vertx-web-common-3.9.6.jar;C:\Users\MartinOS\.m2\repository\io\vertx\vertx-auth-common\3.9.6\vertx-auth-common-3.9.6.jar;C:\Users\MartinOS\.m2\repository\io\vertx\vertx-bridge-common\3.9.6\vertx-bridge-common-3.9.6.jar;C:\Users\MartinOS\.m2\repository\io\quarkus\quarkus-resteasy-server-common\1.13.3.Final\quarkus-resteasy-server-common-1.13.3.Final.jar;C:\Users\MartinOS\.m2\repository\io\quarkus\quarkus-resteasy-common\1.13.3.Final\quarkus-resteasy-common-1.13.3.Final.jar;C:\Users\MartinOS\.m2\repository\org\jboss\resteasy\resteasy-core\4.5.9.Final\resteasy-core-4.5.9.Final.jar;C:\Users\MartinOS\.m2\repository\org\jboss\spec\javax\ws\rs\jboss-jaxrs-api_2.1_spec\2.0.1.Final\jboss-jaxrs-api_2.1_spec-2.0.1.Final.jar;C:\Users\MartinOS\.m2\repository\org\jboss\resteasy\resteasy-core-spi\4.5.9.Final\resteasy-core-spi-4.5.9.Final.jar;C:\Users\MartinOS\.m2\repository\com\ibm\async\asyncutil\0.1.0\asyncutil-0.1.0.jar;C:\Users\MartinOS\.m2\repository\com\sun\activation\jakarta.activation\1.2.1\jakarta.activation-1.2.1.jar;C:\Users\MartinOS\.m2\repository\jakarta\validation\jakarta.validation-api\2.0.2\jakarta.validation-api-2.0.2.jar;C:\Users\MartinOS\.m2\repository\io\quarkus\quarkus-config-yaml\1.13.3.Final\quarkus-config-yaml-1.13.3.Final.jar;C:\Users\MartinOS\.m2\repository\io\smallrye\config\smallrye-config-source-yaml\1.11.1\smallrye-config-source-yaml-1.11.1.jar;C:\Users\MartinOS\.m2\repository\org\yaml\snakeyaml\1.28\snakeyaml-1.28.jar;C:\Users\MartinOS\.m2\repository\io\smallrye\config\smallrye-config-common\1.11.1\smallrye-config-common-1.11.1.jar;C:\Users\MartinOS\.m2\repository\io\smallrye\common\smallrye-common-constraint\1.5.0\smallrye-common-constraint-1.5.0.jar;C:\Users\MartinOS\.m2\repository\org\eclipse\microprofile\config\microprofile-config-api\1.4\microprofile-config-api-1.4.jar;C:\Users\MartinOS\.m2\repository\org\mapstruct\mapstruct\1.4.2.Final\mapstruct-1.4.2.Final.jar;C:\Users\MartinOS\.m2\repository\io\quarkus\quarkus-hibernate-orm-panache\1.13.3.Final\quarkus-hibernate-orm-panache-1.13.3.Final.jar;C:\Users\MartinOS\.m2\repository\io\quarkus\quarkus-hibernate-orm\1.13.3.Final\quarkus-hibernate-orm-1.13.3.Final.jar;C:\Users\MartinOS\.m2\repository\org\hibernate\hibernate-core\5.4.29.Final\hibernate-core-5.4.29.Final.jar;C:\Users\MartinOS\.m2\repository\net\bytebuddy\byte-buddy\1.10.21\byte-buddy-1.10.21.jar;C:\Users\MartinOS\.m2\repository\antlr\antlr\2.7.7\antlr-2.7.7.jar;C:\Users\MartinOS\.m2\repository\org\dom4j\dom4j\2.1.3\dom4j-2.1.3.jar;C:\Users\MartinOS\.m2\repository\org\hibernate\common\hibernate-commons-annotations\5.1.2.Final\hibernate-commons-annotations-5.1.2.Final.jar;C:\Users\MartinOS\.m2\repository\org\hibernate\hibernate-graalvm\5.4.29.Final\hibernate-graalvm-5.4.29.Final.jar;C:\Users\MartinOS\.m2\repository\org\glassfish\jaxb\jaxb-runtime\2.3.3-b02\jaxb-runtime-2.3.3-b02.jar;C:\Users\MartinOS\.m2\repository\org\glassfish\jaxb\txw2\2.3.3-b02\txw2-2.3.3-b02.jar;C:\Users\MartinOS\.m2\repository\com\sun\istack\istack-commons-runtime\3.0.10\istack-commons-runtime-3.0.10.jar;C:\Users\MartinOS\.m2\repository\org\jboss\spec\javax\xml\bind\jboss-jaxb-api_2.3_spec\2.0.0.Final\jboss-jaxb-api_2.3_spec-2.0.0.Final.jar;C:\Users\MartinOS\.m2\repository\jakarta\persistence\jakarta.persistence-api\2.2.3\jakarta.persistence-api-2.2.3.jar;C:\Users\MartinOS\.m2\repository\org\hibernate\quarkus-local-cache\0.1.0\quarkus-local-cache-0.1.0.jar;C:\Users\MartinOS\.m2\repository\com\github\ben-manes\caffeine\caffeine\2.9.0\caffeine-2.9.0.jar;C:\Users\MartinOS\.m2\repository\com\google\errorprone\error_prone_annotations\2.2.0\error_prone_annotations-2.2.0.jar;C:\Users\MartinOS\.m2\repository\io\quarkus\quarkus-caffeine\1.13.3.Final\quarkus-caffeine-1.13.3.Final.jar;C:\Users\MartinOS\.m2\repository\io\quarkus\quarkus-hibernate-orm-panache-common\1.13.3.Final\quarkus-hibernate-orm-panache-common-1.13.3.Final.jar;C:\Users\MartinOS\.m2\repository\io\quarkus\quarkus-panache-hibernate-common\1.13.3.Final\quarkus-panache-hibernate-common-1.13.3.Final.jar;C:\Users\MartinOS\.m2\repository\io\quarkus\quarkus-panache-common\1.13.3.Final\quarkus-panache-common-1.13.3.Final.jar;C:\Users\MartinOS\.m2\repository\io\quarkus\quarkus-jdbc-postgresql\1.13.3.Final\quarkus-jdbc-postgresql-1.13.3.Final.jar;C:\Users\MartinOS\.m2\repository\org\postgresql\postgresql\42.2.20\postgresql-42.2.20.jar;C:\Users\MartinOS\.m2\repository\io\quarkus\quarkus-flyway\1.13.3.Final\quarkus-flyway-1.13.3.Final.jar;C:\Users\MartinOS\.m2\repository\org\flywaydb\flyway-core\7.7.3\flyway-core-7.7.3.jar;C:\Users\MartinOS\.m2\repository\io\quarkus\quarkus-agroal\1.13.3.Final\quarkus-agroal-1.13.3.Final.jar;C:\Users\MartinOS\.m2\repository\io\quarkus\quarkus-datasource\1.13.3.Final\quarkus-datasource-1.13.3.Final.jar;C:\Users\MartinOS\.m2\repository\org\jboss\narayana\jta\narayana-jta\5.10.6.Final\narayana-jta-5.10.6.Final.jar;C:\Users\MartinOS\.m2\repository\org\jboss\jboss-transaction-spi\7.6.0.Final\jboss-transaction-spi-7.6.0.Final.jar;C:\Users\MartinOS\.m2\repository\org\jboss\spec\javax\resource\jboss-connector-api_1.7_spec\1.0.0.Final\jboss-connector-api_1.7_spec-1.0.0.Final.jar;C:\Users\MartinOS\.m2\repository\org\jboss\narayana\jts\narayana-jts-integration\5.10.6.Final\narayana-jts-integration-5.10.6.Final.jar;C:\Users\MartinOS\.m2\repository\io\agroal\agroal-api\1.11\agroal-api-1.11.jar;C:\Users\MartinOS\.m2\repository\io\agroal\agroal-narayana\1.11\agroal-narayana-1.11.jar;C:\Users\MartinOS\.m2\repository\io\agroal\agroal-pool\1.11\agroal-pool-1.11.jar;C:\Users\MartinOS\.m2\repository\io\quarkus\quarkus-credentials\1.13.3.Final\quarkus-credentials-1.13.3.Final.jar;C:\Users\MartinOS\.m2\repository\io\quarkus\quarkus-narayana-jta\1.13.3.Final\quarkus-narayana-jta-1.13.3.Final.jar;C:\Users\MartinOS\.m2\repository\io\quarkus\quarkus-mutiny\1.13.3.Final\quarkus-mutiny-1.13.3.Final.jar;C:\Users\MartinOS\.m2\repository\io\quarkus\quarkus-smallrye-context-propagation\1.13.3.Final\quarkus-smallrye-context-propagation-1.13.3.Final.jar;C:\Users\MartinOS\.m2\repository\io\smallrye\smallrye-context-propagation\1.1.0\smallrye-context-propagation-1.1.0.jar;C:\Users\MartinOS\.m2\repository\io\smallrye\smallrye-context-propagation-api\1.1.0\smallrye-context-propagation-api-1.1.0.jar;C:\Users\MartinOS\.m2\repository\io\smallrye\smallrye-context-propagation-storage\1.1.0\smallrye-context-propagation-storage-1.1.0.jar;C:\Users\MartinOS\.m2\repository\io\smallrye\reactive\mutiny-smallrye-context-propagation\0.14.0\mutiny-smallrye-context-propagation-0.14.0.jar;C:\Users\MartinOS\.m2\repository\io\smallrye\smallrye-context-propagation-jta\1.1.0\smallrye-context-propagation-jta-1.1.0.jar;C:\Users\MartinOS\.m2\repository\io\smallrye\reactive\smallrye-reactive-converter-api\1.4.0\smallrye-reactive-converter-api-1.4.0.jar;C:\Users\MartinOS\.m2\repository\org\reactivestreams\reactive-streams\1.0.3\reactive-streams-1.0.3.jar;C:\Users\MartinOS\.m2\repository\io\smallrye\reactive\smallrye-reactive-converter-mutiny\1.4.0\smallrye-reactive-converter-mutiny-1.4.0.jar;C:\Users\MartinOS\.m2\repository\io\quarkus\quarkus-datasource-common\1.13.3.Final\quarkus-datasource-common-1.13.3.Final.jar;C:\Users\MartinOS\.m2\repository\io\quarkus\quarkus-smallrye-openapi\1.13.3.Final\quarkus-smallrye-openapi-1.13.3.Final.jar;C:\Users\MartinOS\.m2\repository\io\smallrye\smallrye-open-api-core\2.0.26\smallrye-open-api-core-2.0.26.jar;C:\Users\MartinOS\.m2\repository\org\eclipse\microprofile\openapi\microprofile-openapi-api\1.1.3-RC1\microprofile-openapi-api-1.1.3-RC1.jar;C:\Users\MartinOS\.m2\repository\com\fasterxml\jackson\core\jackson-core\2.12.1\jackson-core-2.12.1.jar;C:\Users\MartinOS\.m2\repository\com\fasterxml\jackson\core\jackson-databind\2.12.1\jackson-databind-2.12.1.jar;C:\Users\MartinOS\.m2\repository\com\fasterxml\jackson\core\jackson-annotations\2.12.1\jackson-annotations-2.12.1.jar;C:\Users\MartinOS\.m2\repository\com\fasterxml\jackson\dataformat\jackson-dataformat-yaml\2.12.1\jackson-dataformat-yaml-2.12.1.jar;C:\Users\MartinOS\.m2\repository\org\jboss\jandex\2.2.3.Final\jandex-2.2.3.Final.jar;C:\Users\MartinOS\.m2\repository\io\quarkus\quarkus-swagger-ui\1.13.3.Final\quarkus-swagger-ui-1.13.3.Final.jar;C:\Users\MartinOS\.m2\repository\io\quarkus\quarkus-resteasy-jsonb\1.13.3.Final\quarkus-resteasy-jsonb-1.13.3.Final.jar;C:\Users\MartinOS\.m2\repository\io\quarkus\quarkus-jsonb\1.13.3.Final\quarkus-jsonb-1.13.3.Final.jar;C:\Users\MartinOS\.m2\repository\org\eclipse\yasson\1.0.9\yasson-1.0.9.jar;C:\Users\MartinOS\.m2\repository\io\quarkus\quarkus-jsonp\1.13.3.Final\quarkus-jsonp-1.13.3.Final.jar;C:\Users\MartinOS\.m2\repository\org\jboss\resteasy\resteasy-json-binding-provider\4.5.9.Final\resteasy-json-binding-provider-4.5.9.Final.jar;C:\Users\MartinOS\.m2\repository\org\glassfish\jakarta.json\1.1.6\jakarta.json-1.1.6.jar;C:\Users\MartinOS\.m2\repository\jakarta\json\bind\jakarta.json.bind-api\1.0.2\jakarta.json.bind-api-1.0.2.jar;C:\Users\MartinOS\.m2\repository\org\jboss\resteasy\resteasy-json-p-provider\4.5.9.Final\resteasy-json-p-provider-4.5.9.Final.jar;C:\Users\MartinOS\.m2\repository\commons-io\commons-io\2.8.0\commons-io-2.8.0.jar;C:\Users\MartinOS\.m2\repository\io\quarkus\quarkus-hibernate-validator\1.13.3.Final\quarkus-hibernate-validator-1.13.3.Final.jar;C:\Users\MartinOS\.m2\repository\org\hibernate\validator\hibernate-validator\6.2.0.Final\hibernate-validator-6.2.0.Final.jar;C:\Users\MartinOS\.m2\repository\com\fasterxml\classmate\1.3.4\classmate-1.3.4.jar;C:\Users\MartinOS\.m2\repository\org\glassfish\jakarta.el\3.0.3\jakarta.el-3.0.3.jar;C:\Users\MartinOS\.m2\repository\org\projectlombok\lombok\1.18.22\lombok-1.18.22.jar;C:\Users\MartinOS\.m2\repository\io\quarkus\quarkus-junit5\1.13.3.Final\quarkus-junit5-1.13.3.Final.jar;C:\Users\MartinOS\.m2\repository\io\quarkus\quarkus-bootstrap-core\1.13.3.Final\quarkus-bootstrap-core-1.13.3.Final.jar;C:\Users\MartinOS\.m2\repository\io\quarkus\quarkus-bootstrap-app-model\1.13.3.Final\quarkus-bootstrap-app-model-1.13.3.Final.jar;C:\Users\MartinOS\.m2\repository\io\quarkus\quarkus-bootstrap-maven-resolver\1.13.3.Final\quarkus-bootstrap-maven-resolver-1.13.3.Final.jar;C:\Users\MartinOS\.m2\repository\org\apache\maven\maven-embedder\3.6.3\maven-embedder-3.6.3.jar;C:\Users\MartinOS\.m2\repository\org\apache\maven\maven-settings\3.6.3\maven-settings-3.6.3.jar;C:\Users\MartinOS\.m2\repository\org\apache\maven\maven-core\3.6.3\maven-core-3.6.3.jar;C:\Users\MartinOS\.m2\repository\org\apache\maven\maven-artifact\3.6.3\maven-artifact-3.6.3.jar;C:\Users\MartinOS\.m2\repository\org\codehaus\plexus\plexus-component-annotations\2.1.0\plexus-component-annotations-2.1.0.jar;C:\Users\MartinOS\.m2\repository\org\apache\maven\maven-plugin-api\3.6.3\maven-plugin-api-3.6.3.jar;C:\Users\MartinOS\.m2\repository\org\apache\maven\maven-model\3.6.3\maven-model-3.6.3.jar;C:\Users\MartinOS\.m2\repository\org\apache\maven\maven-model-builder\3.6.3\maven-model-builder-3.6.3.jar;C:\Users\MartinOS\.m2\repository\org\apache\maven\maven-builder-support\3.6.3\maven-builder-support-3.6.3.jar;C:\Users\MartinOS\.m2\repository\org\apache\maven\resolver\maven-resolver-api\1.4.1\maven-resolver-api-1.4.1.jar;C:\Users\MartinOS\.m2\repository\org\apache\maven\resolver\maven-resolver-util\1.4.1\maven-resolver-util-1.4.1.jar;C:\Users\MartinOS\.m2\repository\org\apache\maven\shared\maven-shared-utils\3.2.1\maven-shared-utils-3.2.1.jar;C:\Users\MartinOS\.m2\repository\com\google\inject\guice\4.2.1\guice-4.2.1-no_aop.jar;C:\Users\MartinOS\.m2\repository\com\google\guava\guava\30.1-jre\guava-30.1-jre.jar;C:\Users\MartinOS\.m2\repository\com\google\guava\failureaccess\1.0.1\failureaccess-1.0.1.jar;C:\Users\MartinOS\.m2\repository\com\google\guava\listenablefuture\9999.0-empty-to-avoid-conflict-with-guava\listenablefuture-9999.0-empty-to-avoid-conflict-with-guava.jar;C:\Users\MartinOS\.m2\repository\org\codehaus\plexus\plexus-utils\3.2.1\plexus-utils-3.2.1.jar;C:\Users\MartinOS\.m2\repository\org\codehaus\plexus\plexus-classworlds\2.6.0\plexus-classworlds-2.6.0.jar;C:\Users\MartinOS\.m2\repository\commons-cli\commons-cli\1.4\commons-cli-1.4.jar;C:\Users\MartinOS\.m2\repository\org\eclipse\sisu\org.eclipse.sisu.plexus\0.3.4\org.eclipse.sisu.plexus-0.3.4.jar;C:\Users\MartinOS\.m2\repository\org\apache\maven\maven-settings-builder\3.6.3\maven-settings-builder-3.6.3.jar;C:\Users\MartinOS\.m2\repository\org\codehaus\plexus\plexus-interpolation\1.25\plexus-interpolation-1.25.jar;C:\Users\MartinOS\.m2\repository\org\sonatype\plexus\plexus-sec-dispatcher\1.4\plexus-sec-dispatcher-1.4.jar;C:\Users\MartinOS\.m2\repository\org\sonatype\plexus\plexus-cipher\1.4\plexus-cipher-1.4.jar;C:\Users\MartinOS\.m2\repository\org\apache\maven\maven-resolver-provider\3.6.3\maven-resolver-provider-3.6.3.jar;C:\Users\MartinOS\.m2\repository\org\apache\maven\maven-repository-metadata\3.6.3\maven-repository-metadata-3.6.3.jar;C:\Users\MartinOS\.m2\repository\org\apache\maven\resolver\maven-resolver-spi\1.4.1\maven-resolver-spi-1.4.1.jar;C:\Users\MartinOS\.m2\repository\org\apache\maven\resolver\maven-resolver-impl\1.4.1\maven-resolver-impl-1.4.1.jar;C:\Users\MartinOS\.m2\repository\org\apache\maven\resolver\maven-resolver-connector-basic\1.4.1\maven-resolver-connector-basic-1.4.1.jar;C:\Users\MartinOS\.m2\repository\org\apache\maven\resolver\maven-resolver-transport-wagon\1.4.1\maven-resolver-transport-wagon-1.4.1.jar;C:\Users\MartinOS\.m2\repository\org\apache\maven\wagon\wagon-http\3.3.4\wagon-http-3.3.4.jar;C:\Users\MartinOS\.m2\repository\org\apache\maven\wagon\wagon-http-shared\3.3.4\wagon-http-shared-3.3.4.jar;C:\Users\MartinOS\.m2\repository\org\jsoup\jsoup\1.12.1\jsoup-1.12.1.jar;C:\Users\MartinOS\.m2\repository\org\apache\maven\wagon\wagon-provider-api\3.3.4\wagon-provider-api-3.3.4.jar;C:\Users\MartinOS\.m2\repository\org\apache\maven\wagon\wagon-file\3.3.4\wagon-file-3.3.4.jar;C:\Users\MartinOS\.m2\repository\io\quarkus\quarkus-bootstrap-gradle-resolver\1.13.3.Final\quarkus-bootstrap-gradle-resolver-1.13.3.Final.jar;C:\Users\MartinOS\.m2\repository\io\smallrye\common\smallrye-common-io\1.5.0\smallrye-common-io-1.5.0.jar;C:\Users\MartinOS\.m2\repository\org\eclipse\sisu\org.eclipse.sisu.inject\0.3.4\org.eclipse.sisu.inject-0.3.4.jar;C:\Users\MartinOS\.m2\repository\io\quarkus\quarkus-test-common\1.13.3.Final\quarkus-test-common-1.13.3.Final.jar;C:\Users\MartinOS\.m2\repository\io\quarkus\quarkus-core-deployment\1.13.3.Final\quarkus-core-deployment-1.13.3.Final.jar;C:\Users\MartinOS\.m2\repository\io\quarkus\gizmo\gizmo\1.0.7.Final\gizmo-1.0.7.Final.jar;C:\Users\MartinOS\.m2\repository\org\ow2\asm\asm-util\9.1\asm-util-9.1.jar;C:\Users\MartinOS\.m2\repository\org\ow2\asm\asm-tree\9.1\asm-tree-9.1.jar;C:\Users\MartinOS\.m2\repository\org\ow2\asm\asm-analysis\9.1\asm-analysis-9.1.jar;C:\Users\MartinOS\.m2\repository\org\ow2\asm\asm\9.1\asm-9.1.jar;C:\Users\MartinOS\.m2\repository\io\quarkus\quarkus-class-change-agent\1.13.3.Final\quarkus-class-change-agent-1.13.3.Final.jar;C:\Users\MartinOS\.m2\repository\io\quarkus\quarkus-devtools-utilities\1.13.3.Final\quarkus-devtools-utilities-1.13.3.Final.jar;C:\Users\MartinOS\.m2\repository\io\quarkus\quarkus-builder\1.13.3.Final\quarkus-builder-1.13.3.Final.jar;C:\Users\MartinOS\.m2\repository\io\quarkus\quarkus-jsonp-deployment\1.13.3.Final\quarkus-jsonp-deployment-1.13.3.Final.jar;C:\Users\MartinOS\.m2\repository\org\jboss\logging\commons-logging-jboss-logging\1.0.0.Final\commons-logging-jboss-logging-1.0.0.Final.jar;C:\Users\MartinOS\.m2\repository\org\junit\jupiter\junit-jupiter\5.7.1\junit-jupiter-5.7.1.jar;C:\Users\MartinOS\.m2\repository\org\junit\jupiter\junit-jupiter-api\5.7.1\junit-jupiter-api-5.7.1.jar;C:\Users\MartinOS\.m2\repository\org\apiguardian\apiguardian-api\1.1.0\apiguardian-api-1.1.0.jar;C:\Users\MartinOS\.m2\repository\org\opentest4j\opentest4j\1.2.0\opentest4j-1.2.0.jar;C:\Users\MartinOS\.m2\repository\org\junit\platform\junit-platform-commons\1.7.1\junit-platform-commons-1.7.1.jar;C:\Users\MartinOS\.m2\repository\org\junit\jupiter\junit-jupiter-params\5.7.1\junit-jupiter-params-5.7.1.jar;C:\Users\MartinOS\.m2\repository\org\junit\jupiter\junit-jupiter-engine\5.7.1\junit-jupiter-engine-5.7.1.jar;C:\Users\MartinOS\.m2\repository\org\junit\platform\junit-platform-engine\1.7.1\junit-platform-engine-1.7.1.jar;C:\Users\MartinOS\.m2\repository\io\quarkus\quarkus-datasource-deployment-spi\1.13.3.Final\quarkus-datasource-deployment-spi-1.13.3.Final.jar;C:\Users\MartinOS\.m2\repository\io\quarkus\quarkus-arc-deployment\1.13.3.Final\quarkus-arc-deployment-1.13.3.Final.jar;C:\Users\MartinOS\.m2\repository\io\quarkus\quarkus-vertx-http-dev-console-spi\1.13.3.Final\quarkus-vertx-http-dev-console-spi-1.13.3.Final.jar;C:\Users\MartinOS\.m2\repository\io\quarkus\arc\arc-processor\1.13.3.Final\arc-processor-1.13.3.Final.jar;C:\Users\MartinOS\.m2\repository\com\thoughtworks\xstream\xstream\1.4.16\xstream-1.4.16.jar;C:\Users\MartinOS\.m2\repository\io\github\x-stream\mxparser\1.2.1\mxparser-1.2.1.jar;C:\Users\MartinOS\.m2\repository\xmlpull\xmlpull\1.1.3.1\xmlpull-1.1.3.1.jar;C:\Users\MartinOS\.m2\repository\io\rest-assured\rest-assured\4.3.3\rest-assured-4.3.3.jar;C:\Users\MartinOS\.m2\repository\org\codehaus\groovy\groovy\3.0.5\groovy-3.0.5.jar;C:\Users\MartinOS\.m2\repository\org\codehaus\groovy\groovy-xml\3.0.7\groovy-xml-3.0.7.jar;C:\Users\MartinOS\.m2\repository\org\apache\httpcomponents\httpclient\4.5.13\httpclient-4.5.13.jar;C:\Users\MartinOS\.m2\repository\org\apache\httpcomponents\httpcore\4.4.14\httpcore-4.4.14.jar;C:\Users\MartinOS\.m2\repository\commons-codec\commons-codec\1.14\commons-codec-1.14.jar;C:\Users\MartinOS\.m2\repository\org\apache\httpcomponents\httpmime\4.5.13\httpmime-4.5.13.jar;C:\Users\MartinOS\.m2\repository\org\hamcrest\hamcrest\2.1\hamcrest-2.1.jar;C:\Users\MartinOS\.m2\repository\org\ccil\cowan\tagsoup\tagsoup\1.2.1\tagsoup-1.2.1.jar;C:\Users\MartinOS\.m2\repository\io\rest-assured\json-path\4.3.3\json-path-4.3.3.jar;C:\Users\MartinOS\.m2\repository\org\codehaus\groovy\groovy-json\3.0.5\groovy-json-3.0.5.jar;C:\Users\MartinOS\.m2\repository\io\rest-assured\rest-assured-common\4.3.3\rest-assured-common-4.3.3.jar;C:\Users\MartinOS\.m2\repository\io\rest-assured\xml-path\4.3.3\xml-path-4.3.3.jar;C:\Users\MartinOS\.m2\repository\org\apache\commons\commons-lang3\3.12.0\commons-lang3-3.12.0.jar;C:\Users\MartinOS\.m2\repository\jakarta\xml\bind\jakarta.xml.bind-api\2.3.3\jakarta.xml.bind-api-2.3.3.jar;C:\Users\MartinOS\.m2\repository\jakarta\activation\jakarta.activation-api\1.2.1\jakarta.activation-api-1.2.1.jar;C:\Users\MartinOS\.m2\repository\com\sun\xml\bind\jaxb-impl\2.3.3\jaxb-impl-2.3.3.jar;C:\Users\MartinOS\.m2\repository\org\assertj\assertj-core\3.19.0\assertj-core-3.19.0.jar;"/>
    <property name="sun.cpu.endian" value="little"/>
    <property name="user.home" value="C:\Users\MartinOS"/>
    <property name="user.language" value="en"/>
    <property name="java.specification.vendor" value="Oracle Corporation"/>
    <property name="java.version.date" value="2020-10-20"/>
    <property name="java.home" value="C:\Program Files\Java\jdk-11.0.9"/>
    <property name="file.separator" value="\"/>
    <property name="basedir" value="C:\Users\MartinOS\Desktop\Development\Java\Quarkus\customer-api"/>
    <property name="java.vm.compressedOopsMode" value="Zero based"/>
    <property name="line.separator" value="&#10;"/>
    <property name="java.specification.name" value="Java Platform API Specification"/>
    <property name="java.vm.specification.vendor" value="Oracle Corporation"/>
    <property name="java.awt.graphicsenv" value="sun.awt.Win32GraphicsEnvironment"/>
    <property name="surefire.real.class.path" value="C:\Users\MartinOS\AppData\Local\Temp\surefire10251604953945489012\surefirebooter9157508731881965539.jar"/>
    <property name="user.script" value=""/>
    <property name="sun.management.compiler" value="HotSpot 64-Bit Tiered Compilers"/>
    <property name="java.runtime.version" value="11.0.9+7-LTS"/>
    <property name="user.name" value="MartinOS"/>
    <property name="path.separator" value=";"/>
    <property name="os.version" value="10.0"/>
    <property name="java.runtime.name" value="Java(TM) SE Runtime Environment"/>
    <property name="file.encoding" value="Cp1252"/>
    <property name="java.vm.name" value="Java HotSpot(TM) 64-Bit Server VM"/>
    <property name="java.vendor.version" value="18.9"/>
    <property name="localRepository" value="C:\Users\MartinOS\.m2\repository"/>
    <property name="java.vendor.url.bug" value="https://bugreport.java.com/bugreport/"/>
    <property name="java.io.tmpdir" value="C:\Users\MartinOS\AppData\Local\Temp\"/>
    <property name="quarkus.log.file.path" value="target\quarkus.log"/>
    <property name="idea.version" value="2020.3.1"/>
    <property name="java.version" value="11.0.9"/>
    <property name="user.dir" value="C:\Users\MartinOS\Desktop\Development\Java\Quarkus\customer-api"/>
    <property name="os.arch" value="amd64"/>
    <property name="java.vm.specification.name" value="Java Virtual Machine Specification"/>
    <property name="java.awt.printerjob" value="sun.awt.windows.WPrinterJob"/>
    <property name="sun.os.patch.level" value=""/>
    <property name="java.util.logging.manager" value="org.jboss.logmanager.LogManager"/>
    <property name="java.library.path" value="C:\Program Files\Java\jdk-11.0.9\bin;C:\WINDOWS\Sun\Java\bin;C:\WINDOWS\system32;C:\WINDOWS;C:\Program Files\Common Files\Oracle\Java\javapath;C:\ProgramData\DockerDesktop\version-bin;C:\Program Files\Docker\Docker\Resources\bin;C:\Python27\;C:\Python27\Scripts;C:\Program Files (x86)\Common Files\Oracle\Java\javapath;C:\Program Files (x86)\Intel\iCLS Client\;C:\Program Files\Intel\iCLS Client\;C:\WINDOWS\system32;C:\WINDOWS;C:\WINDOWS\System32\Wbem;C:\WINDOWS\System32\WindowsPowerShell\v1.0\;C:\WINDOWS\System32\OpenSSH\;C:\Program Files (x86)\Intel\Intel(R) Management Engine Components\DAL;C:\Program Files\Intel\Intel(R) Management Engine Components\DAL;C:\Program Files (x86)\Intel\Intel(R) Management Engine Components\IPT;C:\Program Files\Intel\Intel(R) Management Engine Components\IPT;C:\Gradle\gradle-6.0\bin;C:\Program Files\Intel\WiFi\bin\;C:\Program Files\Common Files\Intel\WirelessCommon\;C:\Program Files\nodejs\;C:\ProgramData\chocolatey\bin;C:\Program Files\Java\jdk-11.0.9\bin;C:\Users\Dawoode\AppData\Local\Android\Sdk\tools;C:\Users\Dawoode\AppData\Local\Android\Sdk\platform-tools;C:\Program Files\dotnet\;C:\Program Files\Microsoft SQL Server\130\Tools\Binn\;C:\Program Files\apache-maven-3.6.3\bin;C:\Users\MartinOS\AppData\Local\Microsoft\WindowsApps;;C:\Users\MartinOS\AppData\Local\Programs\Hyper\resources\bin;C:\Users\MartinOS\AppData\Local\Programs\Microsoft VS Code\bin;."/>
    <property name="java.vendor" value="Oracle Corporation"/>
    <property name="java.vm.info" value="mixed mode"/>
    <property name="java.vm.version" value="11.0.9+7-LTS"/>
    <property name="sun.io.unicode.encoding" value="UnicodeLittle"/>
    <property name="java.class.version" value="55.0"/>
  </properties>
  <testcase name="putFailNoLastName" classname="org.vsredshift.customer.customerResourceTest" time="0.007">
    <error type="java.lang.RuntimeException"><![CDATA[java.lang.RuntimeException: 
java.lang.RuntimeException: mapping values are not allowed here
 in 'reader', line 2, column 8:
    openapi:
           ^

Caused by: java.lang.RuntimeException: 
mapping values are not allowed here
 in 'reader', line 2, column 8:
    openapi:
           ^

Caused by: org.yaml.snakeyaml.scanner.ScannerException: 
mapping values are not allowed here
 in 'reader', line 2, column 8:
    openapi:
           ^

]]></error>
  </testcase>
  <testcase name="postFailNoFirstName" classname="org.vsredshift.customer.customerResourceTest" time="0">
    <skipped type="org.opentest4j.TestAbortedException"><![CDATA[org.opentest4j.TestAbortedException: Boot failed
]]></skipped>
  </testcase>
  <testcase name="getAll" classname="org.vsredshift.customer.customerResourceTest" time="0">
    <skipped type="org.opentest4j.TestAbortedException"><![CDATA[org.opentest4j.TestAbortedException: Boot failed
]]></skipped>
  </testcase>
  <testcase name="getById" classname="org.vsredshift.customer.customerResourceTest" time="0">
    <skipped type="org.opentest4j.TestAbortedException"><![CDATA[org.opentest4j.TestAbortedException: Boot failed
]]></skipped>
  </testcase>
  <testcase name="put" classname="org.vsredshift.customer.customerResourceTest" time="0">
    <skipped type="org.opentest4j.TestAbortedException"><![CDATA[org.opentest4j.TestAbortedException: Boot failed
]]></skipped>
  </testcase>
  <testcase name="post" classname="org.vsredshift.customer.customerResourceTest" time="0">
    <skipped type="org.opentest4j.TestAbortedException"><![CDATA[org.opentest4j.TestAbortedException: Boot failed
]]></skipped>
  </testcase>
</testsuite>